{"/Users/enoyao/Documents/code/js-di/src/descriptors.ts": {"path":"/Users/enoyao/Documents/code/js-di/src/descriptors.ts","statementMap":{"0":{"start":{"line":14,"column":4},"end":{"line":14,"column":21}},"1":{"start":{"line":15,"column":4},"end":{"line":15,"column":43}},"2":{"start":{"line":16,"column":4},"end":{"line":16,"column":69}},"3":{"start":{"line":4,"column":0},"end":{"line":4,"column":13}}},"fnMap":{"0":{"name":"(anonymous_0)","decl":{"start":{"line":9,"column":2},"end":{"line":9,"column":null}},"loc":{"start":{"line":12,"column":40},"end":{"line":17,"column":3}}}},"branchMap":{"0":{"loc":{"start":{"line":11,"column":29},"end":{"line":11,"column":31}},"type":"default-arg","locations":[{"start":{"line":11,"column":29},"end":{"line":11,"column":31}}]},"1":{"loc":{"start":{"line":12,"column":35},"end":{"line":12,"column":40}},"type":"default-arg","locations":[{"start":{"line":12,"column":35},"end":{"line":12,"column":40}}]}},"s":{"0":1,"1":1,"2":1,"3":1},"f":{"0":1},"b":{"0":[0],"1":[1]}}
,"/Users/enoyao/Documents/code/js-di/src/extension.ts": {"path":"/Users/enoyao/Documents/code/js-di/src/extension.ts","statementMap":{"0":{"start":{"line":1,"column":0},"end":{"line":1,"column":47}},"1":{"start":{"line":5,"column":67},"end":{"line":5,"column":69}},"2":{"start":{"line":12,"column":2},"end":{"line":12,"column":86}},"3":{"start":{"line":7,"column":0},"end":{"line":7,"column":16}},"4":{"start":{"line":16,"column":2},"end":{"line":16,"column":19}},"5":{"start":{"line":15,"column":0},"end":{"line":15,"column":16}}},"fnMap":{"0":{"name":"registerSingleton","decl":{"start":{"line":7,"column":16},"end":{"line":7,"column":33}},"loc":{"start":{"line":10,"column":40},"end":{"line":13,"column":1}}},"1":{"name":"getSingletonServiceDescriptors","decl":{"start":{"line":15,"column":16},"end":{"line":15,"column":46}},"loc":{"start":{"line":15,"column":46},"end":{"line":17,"column":1}}}},"branchMap":{},"s":{"0":1,"1":1,"2":1,"3":1,"4":2,"5":1},"f":{"0":1,"1":2},"b":{}}
,"/Users/enoyao/Documents/code/js-di/src/instantiation.ts": {"path":"/Users/enoyao/Documents/code/js-di/src/instantiation.ts","statementMap":{"0":{"start":{"line":5,"column":0},"end":{"line":5,"column":null}},"1":{"start":{"line":6,"column":15},"end":{"line":6,"column":70}},"2":{"start":{"line":7,"column":15},"end":{"line":7,"column":40}},"3":{"start":{"line":8,"column":15},"end":{"line":8,"column":52}},"4":{"start":{"line":15,"column":4},"end":{"line":15,"column":48}},"5":{"start":{"line":10,"column":18},"end":{"line":16,"column":null}},"6":{"start":{"line":26,"column":2},"end":{"line":31,"column":null}},"7":{"start":{"line":27,"column":5},"end":{"line":27,"column":73}},"8":{"start":{"line":29,"column":5},"end":{"line":29,"column":46}},"9":{"start":{"line":30,"column":5},"end":{"line":30,"column":71}},"10":{"start":{"line":20,"column":0},"end":{"line":20,"column":16}},"11":{"start":{"line":36,"column":2},"end":{"line":38,"column":null}},"12":{"start":{"line":37,"column":4},"end":{"line":37,"column":67}},"13":{"start":{"line":40,"column":13},"end":{"line":50,"column":3}},"14":{"start":{"line":45,"column":4},"end":{"line":47,"column":null}},"15":{"start":{"line":46,"column":6},"end":{"line":46,"column":90}},"16":{"start":{"line":49,"column":4},"end":{"line":49,"column":53}},"17":{"start":{"line":52,"column":2},"end":{"line":52,"column":32}},"18":{"start":{"line":52,"column":22},"end":{"line":52,"column":31}},"19":{"start":{"line":53,"column":2},"end":{"line":53,"column":38}},"20":{"start":{"line":54,"column":2},"end":{"line":54,"column":12}},"21":{"start":{"line":35,"column":0},"end":{"line":35,"column":16}}},"fnMap":{"0":{"name":"(anonymous_0)","decl":{"start":{"line":5,"column":0},"end":{"line":5,"column":17}},"loc":{"start":{"line":5,"column":22},"end":{"line":17,"column":1}}},"1":{"name":"getServiceDependencies","decl":{"start":{"line":10,"column":18},"end":{"line":10,"column":40}},"loc":{"start":{"line":10,"column":57},"end":{"line":16,"column":3}}},"2":{"name":"storeServiceDependency","decl":{"start":{"line":20,"column":16},"end":{"line":20,"column":38}},"loc":{"start":{"line":24,"column":19},"end":{"line":32,"column":1}}},"3":{"name":"createDecorator","decl":{"start":{"line":35,"column":16},"end":{"line":35,"column":31}},"loc":{"start":{"line":35,"column":52},"end":{"line":55,"column":1}}},"4":{"name":"serviceIdentifier","decl":{"start":{"line":40,"column":22},"end":{"line":40,"column":39}},"loc":{"start":{"line":43,"column":17},"end":{"line":50,"column":3}}},"5":{"name":"(anonymous_5)","decl":{"start":{"line":52,"column":16},"end":{"line":52,"column":19}},"loc":{"start":{"line":52,"column":22},"end":{"line":52,"column":31}}}},"branchMap":{"0":{"loc":{"start":{"line":15,"column":12},"end":{"line":15,"column":41}},"type":"binary-expr","locations":[{"start":{"line":15,"column":12},"end":{"line":15,"column":41}},{"start":{"line":15,"column":45},"end":{"line":15,"column":47}}]},"1":{"loc":{"start":{"line":5,"column":17},"end":{"line":5,"column":22}},"type":"binary-expr","locations":[{"start":{"line":5,"column":17},"end":{"line":5,"column":22}},{"start":{"line":5,"column":17},"end":{"line":5,"column":null}}]},"2":{"loc":{"start":{"line":26,"column":2},"end":{"line":31,"column":null}},"type":"if","locations":[{"start":{"line":26,"column":2},"end":{"line":31,"column":null}},{"start":{"line":26,"column":2},"end":{"line":31,"column":null}}]},"3":{"loc":{"start":{"line":36,"column":2},"end":{"line":38,"column":null}},"type":"if","locations":[{"start":{"line":36,"column":2},"end":{"line":38,"column":null}},{"start":{"line":36,"column":2},"end":{"line":38,"column":null}}]},"4":{"loc":{"start":{"line":45,"column":4},"end":{"line":47,"column":null}},"type":"if","locations":[{"start":{"line":45,"column":4},"end":{"line":47,"column":null}},{"start":{"line":45,"column":4},"end":{"line":47,"column":null}}]}},"s":{"0":1,"1":1,"2":1,"3":1,"4":0,"5":1,"6":0,"7":0,"8":0,"9":0,"10":1,"11":1,"12":0,"13":1,"14":0,"15":0,"16":0,"17":1,"18":0,"19":1,"20":1,"21":1},"f":{"0":1,"1":0,"2":0,"3":1,"4":0,"5":0},"b":{"0":[0,0],"1":[1,1],"2":[0,0],"3":[0,1],"4":[0,0]}}
}
