TN:
SF:src/descriptors.ts
FN:9,(anonymous_0)
FNF:1
FNH:1
FNDA:1,(anonymous_0)
DA:4,1
DA:14,1
DA:15,1
DA:16,1
LF:4
LH:4
BRDA:11,0,0,0
BRDA:12,1,0,1
BRF:2
BRH:1
end_of_record
TN:
SF:src/extension.ts
FN:7,registerSingleton
FN:15,getSingletonServiceDescriptors
FNF:2
FNH:2
FNDA:1,registerSingleton
FNDA:2,getSingletonServiceDescriptors
DA:1,1
DA:5,1
DA:7,1
DA:12,1
DA:15,1
DA:16,2
LF:6
LH:6
BRF:0
BRH:0
end_of_record
TN:
SF:src/instantiation.ts
FN:5,(anonymous_0)
FN:10,getServiceDependencies
FN:20,storeServiceDependency
FN:35,createDecorator
FN:40,serviceIdentifier
FN:52,(anonymous_5)
FNF:6
FNH:2
FNDA:1,(anonymous_0)
FNDA:0,getServiceDependencies
FNDA:0,storeServiceDependency
FNDA:1,createDecorator
FNDA:0,serviceIdentifier
FNDA:0,(anonymous_5)
DA:5,1
DA:6,1
DA:7,1
DA:8,1
DA:10,1
DA:15,0
DA:20,1
DA:26,0
DA:27,0
DA:29,0
DA:30,0
DA:35,1
DA:36,1
DA:37,0
DA:40,1
DA:45,0
DA:46,0
DA:49,0
DA:52,1
DA:53,1
DA:54,1
LF:21
LH:12
BRDA:15,0,0,0
BRDA:15,0,1,0
BRDA:5,1,0,1
BRDA:5,1,1,1
BRDA:26,2,0,0
BRDA:26,2,1,0
BRDA:36,3,0,0
BRDA:36,3,1,1
BRDA:45,4,0,0
BRDA:45,4,1,0
BRF:10
BRH:3
end_of_record
